This is pdfTeX, Version 3.14159265-2.6-1.40.16 (TeX Live 2015) (preloaded format=pdflatex 2016.1.23)  10 MAY 2016 17:08
entering extended mode
 restricted \write18 enabled.
 file:line:error style messages enabled.
 %&-line parsing enabled.
**Untitled.tex
(./Untitled.tex
LaTeX2e <2015/01/01>
Babel <3.9l> and hyphenation patterns for 79 languages loaded.
(/usr/local/texlive/2015/texmf-dist/tex/latex/base/article.cls
Document Class: article 2014/09/29 v1.4h Standard LaTeX document class
(/usr/local/texlive/2015/texmf-dist/tex/latex/base/size10.clo
File: size10.clo 2014/09/29 v1.4h Standard LaTeX file (size option)
)
\c@part=\count79
\c@section=\count80
\c@subsection=\count81
\c@subsubsection=\count82
\c@paragraph=\count83
\c@subparagraph=\count84
\c@figure=\count85
\c@table=\count86
\abovecaptionskip=\skip41
\belowcaptionskip=\skip42
\bibindent=\dimen102
)
(/usr/local/texlive/2015/texmf-dist/tex/latex/lipsum/lipsum.sty
Package: lipsum 2014/07/27 v1.3 150 paragraphs of Lorem Ipsum dummy text
\c@lips@count=\count87
)
(/usr/local/texlive/2015/texmf-dist/tex/latex/cite/cite.sty
LaTeX Info: Redefining \cite on input line 302.
LaTeX Info: Redefining \nocite on input line 332.
Package: cite 2015/02/27  v 5.5
LaTeX Info: Redefining \cite on input line 441.
)
(/usr/local/texlive/2015/texmf-dist/tex/latex/psnfss/mathpazo.sty
Package: mathpazo 2005/04/12 PSNFSS-v9.2a Palatino w/ Pazo Math (D.Puga, WaS) 
\symupright=\mathgroup4
)
(/usr/local/texlive/2015/texmf-dist/tex/latex/base/fontenc.sty
Package: fontenc 2005/09/27 v1.99g Standard LaTeX package

(/usr/local/texlive/2015/texmf-dist/tex/latex/base/t1enc.def
File: t1enc.def 2005/09/27 v1.99g Standard LaTeX file
LaTeX Font Info:    Redeclaring font encoding T1 on input line 48.
))
(/usr/local/texlive/2015/texmf-dist/tex/latex/microtype/microtype.sty
Package: microtype 2013/05/23 v2.5a Micro-typographical refinements (RS)

(/usr/local/texlive/2015/texmf-dist/tex/latex/graphics/keyval.sty
Package: keyval 2014/10/28 v1.15 key=value parser (DPC)
\KV@toks@=\toks14
)
\MT@toks=\toks15
\MT@count=\count88
LaTeX Info: Redefining \textls on input line 766.
\MT@outer@kern=\dimen103
LaTeX Info: Redefining \textmicrotypecontext on input line 1285.
\MT@listname@count=\count89

(/usr/local/texlive/2015/texmf-dist/tex/latex/microtype/microtype-pdftex.def
File: microtype-pdftex.def 2013/05/23 v2.5a Definitions specific to pdftex (RS)

LaTeX Info: Redefining \lsstyle on input line 915.
LaTeX Info: Redefining \lslig on input line 915.
\MT@outer@space=\skip43
)
Package microtype Info: Loading configuration file microtype.cfg.

(/usr/local/texlive/2015/texmf-dist/tex/latex/microtype/microtype.cfg
File: microtype.cfg 2013/05/23 v2.5a microtype main configuration file (RS)
))
(/usr/local/texlive/2015/texmf-dist/tex/latex/amscls/amsthm.sty
Package: amsthm 2015/03/04 v2.20.2
\thm@style=\toks16
\thm@bodyfont=\toks17
\thm@headfont=\toks18
\thm@notefont=\toks19
\thm@headpunct=\toks20
\thm@preskip=\skip44
\thm@postskip=\skip45
\thm@headsep=\skip46
\dth@everypar=\toks21
)
(/usr/local/texlive/2015/texmf-dist/tex/latex/geometry/geometry.sty
Package: geometry 2010/09/12 v5.6 Page Geometry

(/usr/local/texlive/2015/texmf-dist/tex/generic/oberdiek/ifpdf.sty
Package: ifpdf 2011/01/30 v2.3 Provides the ifpdf switch (HO)
Package ifpdf Info: pdfTeX in PDF mode is detected.
)
(/usr/local/texlive/2015/texmf-dist/tex/generic/oberdiek/ifvtex.sty
Package: ifvtex 2010/03/01 v1.5 Detect VTeX and its facilities (HO)
Package ifvtex Info: VTeX not detected.
)
(/usr/local/texlive/2015/texmf-dist/tex/generic/ifxetex/ifxetex.sty
Package: ifxetex 2010/09/12 v0.6 Provides ifxetex conditional
)
\Gm@cnth=\count90
\Gm@cntv=\count91
\c@Gm@tempcnt=\count92
\Gm@bindingoffset=\dimen104
\Gm@wd@mp=\dimen105
\Gm@odd@mp=\dimen106
\Gm@even@mp=\dimen107
\Gm@layoutwidth=\dimen108
\Gm@layoutheight=\dimen109
\Gm@layouthoffset=\dimen110
\Gm@layoutvoffset=\dimen111
\Gm@dimlist=\toks22
)
(/usr/local/texlive/2015/texmf-dist/tex/latex/tools/multicol.sty
Package: multicol 2015/03/31 v1.8m multicolumn formatting (FMi)
\c@tracingmulticols=\count93
\mult@box=\box26
\multicol@leftmargin=\dimen112
\c@unbalance=\count94
\c@collectmore=\count95
\doublecol@number=\count96
\multicoltolerance=\count97
\multicolpretolerance=\count98
\full@width=\dimen113
\page@free=\dimen114
\premulticols=\dimen115
\postmulticols=\dimen116
\multicolsep=\skip47
\multicolbaselineskip=\skip48
\partial@page=\box27
\last@line=\box28
\maxbalancingoverflow=\dimen117
\mult@rightbox=\box29
\mult@grightbox=\box30
\mult@gfirstbox=\box31
\mult@firstbox=\box32
\@tempa=\box33
\@tempa=\box34
\@tempa=\box35
\@tempa=\box36
\@tempa=\box37
\@tempa=\box38
\@tempa=\box39
\@tempa=\box40
\@tempa=\box41
\@tempa=\box42
\@tempa=\box43
\@tempa=\box44
\@tempa=\box45
\@tempa=\box46
\@tempa=\box47
\@tempa=\box48
\@tempa=\box49
\c@columnbadness=\count99
\c@finalcolumnbadness=\count100
\last@try=\dimen118
\multicolovershoot=\dimen119
\multicolundershoot=\dimen120
\mult@nat@firstbox=\box50
\colbreak@box=\box51
\mc@col@check@num=\count101
)
(/usr/local/texlive/2015/texmf-dist/tex/latex/caption/caption.sty
Package: caption 2013/05/02 v3.3-89 Customizing captions (AR)

(/usr/local/texlive/2015/texmf-dist/tex/latex/caption/caption3.sty
Package: caption3 2013/05/02 v1.6-88 caption3 kernel (AR)
Package caption3 Info: TeX engine: e-TeX on input line 57.
\captionmargin=\dimen121
\captionmargin@=\dimen122
\captionwidth=\dimen123
\caption@tempdima=\dimen124
\caption@indent=\dimen125
\caption@parindent=\dimen126
\caption@hangindent=\dimen127
)
\c@ContinuedFloat=\count102
)
(/usr/local/texlive/2015/texmf-dist/tex/latex/booktabs/booktabs.sty
Package: booktabs 2005/04/14 v1.61803 publication quality tables
\heavyrulewidth=\dimen128
\lightrulewidth=\dimen129
\cmidrulewidth=\dimen130
\belowrulesep=\dimen131
\belowbottomsep=\dimen132
\aboverulesep=\dimen133
\abovetopsep=\dimen134
\cmidrulesep=\dimen135
\cmidrulekern=\dimen136
\defaultaddspace=\dimen137
\@cmidla=\count103
\@cmidlb=\count104
\@aboverulesep=\dimen138
\@belowrulesep=\dimen139
\@thisruleclass=\count105
\@lastruleclass=\count106
\@thisrulewidth=\dimen140
)
(/usr/local/texlive/2015/texmf-dist/tex/latex/float/float.sty
Package: float 2001/11/08 v1.3d Float enhancements (AL)
\c@float@type=\count107
\float@exts=\toks23
\float@box=\box52
\@float@everytoks=\toks24
\@floatcapt=\box53
)
(/usr/local/texlive/2015/texmf-dist/tex/latex/hyperref/hyperref.sty
Package: hyperref 2012/11/06 v6.83m Hypertext links for LaTeX

(/usr/local/texlive/2015/texmf-dist/tex/generic/oberdiek/hobsub-hyperref.sty
Package: hobsub-hyperref 2012/05/28 v1.13 Bundle oberdiek, subset hyperref (HO)


(/usr/local/texlive/2015/texmf-dist/tex/generic/oberdiek/hobsub-generic.sty
Package: hobsub-generic 2012/05/28 v1.13 Bundle oberdiek, subset generic (HO)
Package: hobsub 2012/05/28 v1.13 Construct package bundles (HO)
Package: infwarerr 2010/04/08 v1.3 Providing info/warning/error messages (HO)
Package: ltxcmds 2011/11/09 v1.22 LaTeX kernel commands for general use (HO)
Package: ifluatex 2010/03/01 v1.3 Provides the ifluatex switch (HO)
Package ifluatex Info: LuaTeX not detected.
Package hobsub Info: Skipping package `ifvtex' (already loaded).
Package: intcalc 2007/09/27 v1.1 Expandable calculations with integers (HO)
Package hobsub Info: Skipping package `ifpdf' (already loaded).
Package: etexcmds 2011/02/16 v1.5 Avoid name clashes with e-TeX commands (HO)
Package etexcmds Info: Could not find \expanded.
(etexcmds)             That can mean that you are not using pdfTeX 1.50 or
(etexcmds)             that some package has redefined \expanded.
(etexcmds)             In the latter case, load this package earlier.
Package: kvsetkeys 2012/04/25 v1.16 Key value parser (HO)
Package: kvdefinekeys 2011/04/07 v1.3 Define keys (HO)
Package: pdftexcmds 2011/11/29 v0.20 Utility functions of pdfTeX for LuaTeX (HO
)
Package pdftexcmds Info: LuaTeX not detected.
Package pdftexcmds Info: \pdf@primitive is available.
Package pdftexcmds Info: \pdf@ifprimitive is available.
Package pdftexcmds Info: \pdfdraftmode found.
Package: pdfescape 2011/11/25 v1.13 Implements pdfTeX's escape features (HO)
Package: bigintcalc 2012/04/08 v1.3 Expandable calculations on big integers (HO
)
Package: bitset 2011/01/30 v1.1 Handle bit-vector datatype (HO)
Package: uniquecounter 2011/01/30 v1.2 Provide unlimited unique counter (HO)
)
Package hobsub Info: Skipping package `hobsub' (already loaded).
Package: letltxmacro 2010/09/02 v1.4 Let assignment for LaTeX macros (HO)
Package: hopatch 2012/05/28 v1.2 Wrapper for package hooks (HO)
Package: xcolor-patch 2011/01/30 xcolor patch
Package: atveryend 2011/06/30 v1.8 Hooks at the very end of document (HO)
Package atveryend Info: \enddocument detected (standard20110627).
Package: atbegshi 2011/10/05 v1.16 At begin shipout hook (HO)
Package: refcount 2011/10/16 v3.4 Data extraction from label references (HO)
Package: hycolor 2011/01/30 v1.7 Color options for hyperref/bookmark (HO)
)
(/usr/local/texlive/2015/texmf-dist/tex/latex/oberdiek/auxhook.sty
Package: auxhook 2011/03/04 v1.3 Hooks for auxiliary files (HO)
)
(/usr/local/texlive/2015/texmf-dist/tex/latex/oberdiek/kvoptions.sty
Package: kvoptions 2011/06/30 v3.11 Key value format for package options (HO)
)
\@linkdim=\dimen141
\Hy@linkcounter=\count108
\Hy@pagecounter=\count109

(/usr/local/texlive/2015/texmf-dist/tex/latex/hyperref/pd1enc.def
File: pd1enc.def 2012/11/06 v6.83m Hyperref: PDFDocEncoding definition (HO)
)
\Hy@SavedSpaceFactor=\count110

(/usr/local/texlive/2015/texmf-dist/tex/latex/latexconfig/hyperref.cfg
File: hyperref.cfg 2002/06/06 v1.2 hyperref configuration of TeXLive
)
Package hyperref Info: Hyper figures OFF on input line 4443.
Package hyperref Info: Link nesting OFF on input line 4448.
Package hyperref Info: Hyper index ON on input line 4451.
Package hyperref Info: Plain pages OFF on input line 4458.
Package hyperref Info: Backreferencing OFF on input line 4463.
Package hyperref Info: Implicit mode ON; LaTeX internals redefined.
Package hyperref Info: Bookmarks ON on input line 4688.
\c@Hy@tempcnt=\count111

(/usr/local/texlive/2015/texmf-dist/tex/latex/url/url.sty
\Urlmuskip=\muskip10
Package: url 2013/09/16  ver 3.4  Verb mode for urls, etc.
)
LaTeX Info: Redefining \url on input line 5041.
\XeTeXLinkMargin=\dimen142
\Fld@menulength=\count112
\Field@Width=\dimen143
\Fld@charsize=\dimen144
Package hyperref Info: Hyper figures OFF on input line 6295.
Package hyperref Info: Link nesting OFF on input line 6300.
Package hyperref Info: Hyper index ON on input line 6303.
Package hyperref Info: backreferencing OFF on input line 6310.
Package hyperref Info: Link coloring OFF on input line 6315.
Package hyperref Info: Link coloring with OCG OFF on input line 6320.
Package hyperref Info: PDF/A mode OFF on input line 6325.
LaTeX Info: Redefining \ref on input line 6365.
LaTeX Info: Redefining \pageref on input line 6369.
\Hy@abspage=\count113
\c@Item=\count114
\c@Hfootnote=\count115
)

Package hyperref Message: Driver (autodetected): hpdftex.

(/usr/local/texlive/2015/texmf-dist/tex/latex/hyperref/hpdftex.def
File: hpdftex.def 2012/11/06 v6.83m Hyperref driver for pdfTeX
\Fld@listcount=\count116
\c@bookmark@seq@number=\count117

(/usr/local/texlive/2015/texmf-dist/tex/latex/oberdiek/rerunfilecheck.sty
Package: rerunfilecheck 2011/04/15 v1.7 Rerun checks for auxiliary files (HO)
Package uniquecounter Info: New unique counter `rerunfilecheck' on input line 2
82.
)
\Hy@SectionHShift=\skip49
)
(/usr/local/texlive/2015/texmf-dist/tex/latex/graphics/graphicx.sty
Package: graphicx 2014/10/28 v1.0g Enhanced LaTeX Graphics (DPC,SPQR)

(/usr/local/texlive/2015/texmf-dist/tex/latex/graphics/graphics.sty
Package: graphics 2014/10/28 v1.0p Standard LaTeX Graphics (DPC,SPQR)

(/usr/local/texlive/2015/texmf-dist/tex/latex/graphics/trig.sty
Package: trig 1999/03/16 v1.09 sin cos tan (DPC)
)
(/usr/local/texlive/2015/texmf-dist/tex/latex/latexconfig/graphics.cfg
File: graphics.cfg 2010/04/23 v1.9 graphics configuration of TeX Live
)
Package graphics Info: Driver file: pdftex.def on input line 94.

(/usr/local/texlive/2015/texmf-dist/tex/latex/pdftex-def/pdftex.def
File: pdftex.def 2011/05/27 v0.06d Graphics/color for pdfTeX
\Gread@gobject=\count118
))
\Gin@req@height=\dimen145
\Gin@req@width=\dimen146
)
(/usr/local/texlive/2015/texmf-dist/tex/latex/lettrine/lettrine.sty
File: lettrine.sty 2015/02/16 v1.8 (Daniel Flipo)
\c@DefaultLines=\count119
\c@DefaultDepth=\count120
\DefaultFindent=\dimen147
\DefaultNindent=\dimen148
\DefaultSlope=\dimen149
\DiscardVskip=\dimen150
\L@lbox=\box54
\L@tbox=\box55
\c@L@lines=\count121
\c@L@depth=\count122
\L@Pindent=\dimen151
\L@Findent=\dimen152
\L@Nindent=\dimen153
\L@lraise=\dimen154
\L@first=\dimen155
\L@next=\dimen156
\L@slope=\dimen157
\L@height=\dimen158
\L@novskip=\dimen159
\LettrineWidth=\dimen160
\LettrineHeight=\dimen161
\LettrineDepth=\dimen162

Loading lettrine.cfg
(/usr/local/texlive/2015/texmf-dist/tex/latex/lettrine/lettrine.cfg))
(/usr/local/texlive/2015/texmf-dist/tex/latex/paralist/paralist.sty
Package: paralist 2013/06/09 v2.4 Extended list environments
\pltopsep=\skip50
\plpartopsep=\skip51
\plitemsep=\skip52
\plparsep=\skip53
\pl@lab=\toks25
)
(/usr/local/texlive/2015/texmf-dist/tex/generic/ulem/ulem.sty
\UL@box=\box56
\UL@hyphenbox=\box57
\UL@skip=\skip54
\UL@hook=\toks26
\UL@height=\dimen163
\UL@pe=\count123
\UL@pixel=\dimen164
\ULC@box=\box58
Package: ulem 2012/05/18
\ULdepth=\dimen165
)
(/usr/local/texlive/2015/texmf-dist/tex/latex/mathtools/empheq.sty
Package: empheq 2014/07/16 v2.14 Emphasizing equations

(/usr/local/texlive/2015/texmf-dist/tex/latex/mathtools/mhsetup.sty
Package: mhsetup 2010/01/21 v1.2a programming setup (MH)
)
(/usr/local/texlive/2015/texmf-dist/tex/latex/mathtools/mathtools.sty
Package: mathtools 2015/05/11 v1.16 mathematical typesetting tools

(/usr/local/texlive/2015/texmf-dist/tex/latex/tools/calc.sty
Package: calc 2014/10/28 v4.3 Infix arithmetic (KKT,FJ)
\calc@Acount=\count124
\calc@Bcount=\count125
\calc@Adimen=\dimen166
\calc@Bdimen=\dimen167
\calc@Askip=\skip55
\calc@Bskip=\skip56
LaTeX Info: Redefining \setlength on input line 80.
LaTeX Info: Redefining \addtolength on input line 81.
\calc@Ccount=\count126
\calc@Cskip=\skip57
)
(/usr/local/texlive/2015/texmf-dist/tex/latex/amsmath/amsmath.sty
Package: amsmath 2013/01/14 v2.14 AMS math features
\@mathmargin=\skip58

For additional information on amsmath, use the `?' option.
(/usr/local/texlive/2015/texmf-dist/tex/latex/amsmath/amstext.sty
Package: amstext 2000/06/29 v2.01

(/usr/local/texlive/2015/texmf-dist/tex/latex/amsmath/amsgen.sty
File: amsgen.sty 1999/11/30 v2.0
\@emptytoks=\toks27
\ex@=\dimen168
))
(/usr/local/texlive/2015/texmf-dist/tex/latex/amsmath/amsbsy.sty
Package: amsbsy 1999/11/29 v1.2d
\pmbraise@=\dimen169
)
(/usr/local/texlive/2015/texmf-dist/tex/latex/amsmath/amsopn.sty
Package: amsopn 1999/12/14 v2.01 operator names
)
\inf@bad=\count127
LaTeX Info: Redefining \frac on input line 210.
\uproot@=\count128
\leftroot@=\count129
LaTeX Info: Redefining \overline on input line 306.
\classnum@=\count130
\DOTSCASE@=\count131
LaTeX Info: Redefining \ldots on input line 378.
LaTeX Info: Redefining \dots on input line 381.
LaTeX Info: Redefining \cdots on input line 466.
\Mathstrutbox@=\box59
\strutbox@=\box60
\big@size=\dimen170
LaTeX Font Info:    Redeclaring font encoding OML on input line 566.
LaTeX Font Info:    Redeclaring font encoding OMS on input line 567.
\macc@depth=\count132
\c@MaxMatrixCols=\count133
\dotsspace@=\muskip11
\c@parentequation=\count134
\dspbrk@lvl=\count135
\tag@help=\toks28
\row@=\count136
\column@=\count137
\maxfields@=\count138
\andhelp@=\toks29
\eqnshift@=\dimen171
\alignsep@=\dimen172
\tagshift@=\dimen173
\tagwidth@=\dimen174
\totwidth@=\dimen175
\lineht@=\dimen176
\@envbody=\toks30
\multlinegap=\skip59
\multlinetaggap=\skip60
\mathdisplay@stack=\toks31
LaTeX Info: Redefining \[ on input line 2665.
LaTeX Info: Redefining \] on input line 2666.
)
LaTeX Info: Thecontrolsequence`\('isalreadyrobust on input line 129.
LaTeX Info: Thecontrolsequence`\)'isalreadyrobust on input line 129.
LaTeX Info: Thecontrolsequence`\['isalreadyrobust on input line 129.
LaTeX Info: Thecontrolsequence`\]'isalreadyrobust on input line 129.
\g_MT_multlinerow_int=\count139
\l_MT_multwidth_dim=\dimen177
\origjot=\skip61
\l_MT_shortvdotswithinadjustabove_dim=\dimen178
\l_MT_shortvdotswithinadjustbelow_dim=\dimen179
\l_MT_above_intertext_sep=\dimen180
\l_MT_below_intertext_sep=\dimen181
\l_MT_above_shortintertext_sep=\dimen182
\l_MT_below_shortintertext_sep=\dimen183
)
\l_EQ_equationtype_int=\count140
\l_EQ_alignmentmode_int=\count141
\l_EQ_totalwidth_dim=\dimen184
\l_EQ_displaywidth_dim=\dimen185
\l_EQ_temp_linewidth_dim=\dimen186
\EmphEqdelimitershortfall=\dimen187
\EmphEqdelimiterfactor=\count142
\g_EQ_toptag_height_dim=\dimen188
\g_EQ_bottomtag_depth_dim=\dimen189
\g_EQ_toprow_height_dim=\dimen190
\g_EQ_bottomrow_depth_dim=\dimen191
\g_EQ_widesttag_dim=\dimen192
\EQ_mathdisplay_box=\box61
\EQ_tag_box=\box62
\g_EQ_temprow_int=\count143
)
(/usr/local/texlive/2015/texmf-dist/tex/latex/abstract/abstract.sty
Package: abstract 2009/06/08 v1.2a configurable abstracts
\abstitleskip=\skip62
\absleftindent=\skip63
\absrightindent=\skip64
\absparindent=\skip65
\absparsep=\skip66
)
(/usr/local/texlive/2015/texmf-dist/tex/latex/titlesec/titlesec.sty
Package: titlesec 2011/12/15 v2.10.0 Sectioning titles
\ttl@box=\box63
\beforetitleunit=\skip67
\aftertitleunit=\skip68
\ttl@plus=\dimen193
\ttl@minus=\dimen194
\ttl@toksa=\toks32
\titlewidth=\dimen195
\titlewidthlast=\dimen196
\titlewidthfirst=\dimen197
)
(/usr/local/texlive/2015/texmf-dist/tex/latex/titlesec/block.tss
File: block.tss 2011/12/15
)
(/usr/local/texlive/2015/texmf-dist/tex/latex/fancyhdr/fancyhdr.sty
\fancy@headwidth=\skip69
\f@ncyO@elh=\skip70
\f@ncyO@erh=\skip71
\f@ncyO@olh=\skip72
\f@ncyO@orh=\skip73
\f@ncyO@elf=\skip74
\f@ncyO@erf=\skip75
\f@ncyO@olf=\skip76
\f@ncyO@orf=\skip77
)
(/usr/local/texlive/2015/texmf-dist/tex/latex/bigfoot/perpage.sty
Package: perpage 2014/10/25 2.0 Reset/sort counters per page
\c@abspage=\count144
)
\c@pp@a@footnote=\count145

(./Untitled.aux)
\openout1 = `Untitled.aux'.

LaTeX Font Info:    Checking defaults for OML/cmm/m/it on input line 80.
LaTeX Font Info:    ... okay on input line 80.
LaTeX Font Info:    Checking defaults for T1/cmr/m/n on input line 80.
LaTeX Font Info:    ... okay on input line 80.
LaTeX Font Info:    Checking defaults for OT1/cmr/m/n on input line 80.
LaTeX Font Info:    ... okay on input line 80.
LaTeX Font Info:    Checking defaults for OMS/cmsy/m/n on input line 80.
LaTeX Font Info:    ... okay on input line 80.
LaTeX Font Info:    Checking defaults for OMX/cmex/m/n on input line 80.
LaTeX Font Info:    ... okay on input line 80.
LaTeX Font Info:    Checking defaults for U/cmr/m/n on input line 80.
LaTeX Font Info:    ... okay on input line 80.
LaTeX Font Info:    Checking defaults for PD1/pdf/m/n on input line 80.
LaTeX Font Info:    ... okay on input line 80.
LaTeX Font Info:    Try loading font information for T1+pplx on input line 80.
 (/usr/local/texlive/2015/texmf-dist/tex/latex/psnfss/t1pplx.fd
File: t1pplx.fd 2004/09/06 font definitions for T1/pplx.
)
LaTeX Info: Redefining \microtypecontext on input line 80.
Package microtype Info: Generating PDF output.
Package microtype Info: Character protrusion enabled (level 2).
Package microtype Info: Using default protrusion set `alltext'.
Package microtype Info: Automatic font expansion enabled (level 2),
(microtype)             stretch: 20, shrink: 20, step: 1, non-selected.
Package microtype Info: Using default expansion set `basictext'.
Package microtype Info: No adjustment of tracking.
Package microtype Info: No adjustment of interword spacing.
Package microtype Info: No adjustment of character kerning.
 (/usr/local/texlive/2015/texmf-dist/tex/latex/microtype/mt-ppl.cfg
File: mt-ppl.cfg 2005/11/16 v1.6 microtype config. file: Palatino (RS)
)
*geometry* driver: auto-detecting
*geometry* detected driver: pdftex
*geometry* verbose mode - [ preamble ] result:
* driver: pdftex
* paper: <default>
* layout: <same size as paper>
* layoutoffset:(h,v)=(0.0pt,0.0pt)
* modes: twoside 
* h-part:(L,W,R)=(36.135pt, 542.02501pt, 36.135pt)
* v-part:(T,H,B)=(85.35826pt, 673.47673pt, 36.135pt)
* \paperwidth=614.295pt
* \paperheight=794.96999pt
* \textwidth=542.02501pt
* \textheight=673.47673pt
* \oddsidemargin=-36.135pt
* \evensidemargin=-36.135pt
* \topmargin=-23.91173pt
* \headheight=12.0pt
* \headsep=25.0pt
* \topskip=10.0pt
* \footskip=30.0pt
* \marginparwidth=121.0pt
* \marginparsep=11.0pt
* \columnsep=50.0pt
* \skip\footins=9.0pt plus 4.0pt minus 2.0pt
* \hoffset=0.0pt
* \voffset=0.0pt
* \mag=1000
* \@twocolumnfalse
* \@twosidetrue
* \@mparswitchtrue
* \@reversemarginfalse
* (1in=72.27pt=25.4mm, 1cm=28.453pt)

Package caption Info: Begin \AtBeginDocument code.
Package caption Info: float package is loaded.
Package caption Info: hyperref package is loaded.
Package caption Info: End \AtBeginDocument code.
\AtBeginShipoutBox=\box64
Package hyperref Info: Link coloring OFF on input line 80.
(/usr/local/texlive/2015/texmf-dist/tex/latex/hyperref/nameref.sty
Package: nameref 2012/10/27 v2.43 Cross-referencing by name of section

(/usr/local/texlive/2015/texmf-dist/tex/generic/oberdiek/gettitlestring.sty
Package: gettitlestring 2010/12/03 v1.4 Cleanup title references (HO)
)
\c@section@level=\count146
)
LaTeX Info: Redefining \ref on input line 80.
LaTeX Info: Redefining \pageref on input line 80.
LaTeX Info: Redefining \nameref on input line 80.

(./Untitled.out) (./Untitled.out)
\@outlinefile=\write3
\openout3 = `Untitled.out'.


(/usr/local/texlive/2015/texmf-dist/tex/context/base/supp-pdf.mkii
[Loading MPS to PDF converter (version 2006.09.02).]
\scratchcounter=\count147
\scratchdimen=\dimen198
\scratchbox=\box65
\nofMPsegments=\count148
\nofMParguments=\count149
\everyMPshowfont=\toks33
\MPscratchCnt=\count150
\MPscratchDim=\dimen199
\MPnumerator=\count151
\makeMPintoPDFobject=\count152
\everyMPtoPDFconversion=\toks34
) (/usr/local/texlive/2015/texmf-dist/tex/latex/oberdiek/epstopdf-base.sty
Package: epstopdf-base 2010/02/09 v2.5 Base part for package epstopdf

(/usr/local/texlive/2015/texmf-dist/tex/latex/oberdiek/grfext.sty
Package: grfext 2010/08/19 v1.1 Manage graphics extensions (HO)
)
Package grfext Info: Graphics extension search list:
(grfext)             [.png,.pdf,.jpg,.mps,.jpeg,.jbig2,.jb2,.PNG,.PDF,.JPG,.JPE
G,.JBIG2,.JB2,.eps]
(grfext)             \AppendGraphicsExtensions on input line 452.

(/usr/local/texlive/2015/texmf-dist/tex/latex/latexconfig/epstopdf-sys.cfg
File: epstopdf-sys.cfg 2010/07/13 v1.3 Configuration of (r)epstopdf for TeX Liv
e
))
LaTeX Font Info:    Font shape `T1/pplx/bx/n' in size <18> not available
(Font)              Font shape `T1/pplx/b/n' tried instead on input line 83.
LaTeX Font Info:    Try loading font information for OT1+pplx on input line 83.


(/usr/local/texlive/2015/texmf-dist/tex/latex/psnfss/ot1pplx.fd
File: ot1pplx.fd 2004/09/06 font definitions for OT1/pplx.
)
LaTeX Font Info:    Try loading font information for OML+zplm on input line 83.


(/usr/local/texlive/2015/texmf-dist/tex/latex/psnfss/omlzplm.fd
File: omlzplm.fd 2002/09/08 Fontinst v1.914 font definitions for OML/zplm.
)
LaTeX Font Info:    Try loading font information for OMS+zplm on input line 83.


(/usr/local/texlive/2015/texmf-dist/tex/latex/psnfss/omszplm.fd
File: omszplm.fd 2002/09/08 Fontinst v1.914 font definitions for OMS/zplm.
)
LaTeX Font Info:    Try loading font information for OMX+zplm on input line 83.


(/usr/local/texlive/2015/texmf-dist/tex/latex/psnfss/omxzplm.fd
File: omxzplm.fd 2002/09/08 Fontinst v1.914 font definitions for OMX/zplm.
)
LaTeX Font Info:    Try loading font information for OT1+zplm on input line 83.


(/usr/local/texlive/2015/texmf-dist/tex/latex/psnfss/ot1zplm.fd
File: ot1zplm.fd 2002/09/08 Fontinst v1.914 font definitions for OT1/zplm.
)
Package microtype Info: Loading generic settings for font family
(microtype)             `zplm' (encoding: OT1).
(microtype)             For optimal results, create family-specific settings.
(microtype)             See the microtype manual for details.


LaTeX Warning: No \author given.

LaTeX Font Info:    Font shape `T1/pplx/bx/n' in size <10> not available
(Font)              Font shape `T1/pplx/b/n' tried instead on input line 90.
Package microtype Info: Character `029' is missing
(microtype)             in font `T1/pplx/m/sc/12'.
(microtype)             Ignoring protrusion settings for this character.
Package microtype Info: Character `029' is missing
(microtype)             in font `T1/pplx/m/sc/10'.
(microtype)             Ignoring protrusion settings for this character.

Package hyperref Warning: Token not allowed in a PDF string (PDFDocEncoding):
(hyperref)                removing `\@ifnextchar' on input line 111.

LaTeX Font Info:    Try loading font information for U+fplmbb on input line 112
.
(/usr/local/texlive/2015/texmf-dist/tex/latex/psnfss/ufplmbb.fd
File: ufplmbb.fd 2003/10/30 Fontinst v1.914 font definitions for U/fplmbb.
) [1{/usr/local/texlive/2015/texmf-var/fonts/map/pdftex/updmap/pdftex.map}

] [2]
<hvt-runningmean.png, id=103, 1023.825pt x 715.67375pt>
File: hvt-runningmean.png Graphic file (type png)

<use hvt-runningmean.png>
Package pdftex.def Info: hvt-runningmean.png used on input line 237.
(pdftex.def)             Requested size: 244.20766pt x 170.71652pt.


Package caption Warning: The option `hypcap=true' will be ignored for this
(caption)                particular \caption on input line 238.
See the caption package documentation for explanation.

LaTeX Font Info:    Font shape `T1/pplx/bx/n' in size <9> not available
(Font)              Font shape `T1/pplx/b/n' tried instead on input line 238.
<datacollapse.png, id=104, 1018.80624pt x 719.68875pt>
File: datacollapse.png Graphic file (type png)
 <use datacollapse.png>
Package pdftex.def Info: datacollapse.png used on input line 242.
(pdftex.def)             Requested size: 241.67363pt x 170.71652pt.


Package caption Warning: The option `hypcap=true' will be ignored for this
(caption)                particular \caption on input line 243.
See the caption package documentation for explanation.

[3 <./hvt-runningmean.png> <./datacollapse.png>]
<mvl.png, id=113, 1007.765pt x 702.625pt>
File: mvl.png Graphic file (type png)
 <use mvl.png>
Package pdftex.def Info: mvl.png used on input line 272.
(pdftex.def)             Requested size: 244.85172pt x 170.71652pt.


Package caption Warning: The option `hypcap=true' will be ignored for this
(caption)                particular \caption on input line 273.
See the caption package documentation for explanation.

<svl.png, id=114, 1003.75pt x 704.6325pt>
File: svl.png Graphic file (type png)
 <use svl.png>
Package pdftex.def Info: svl.png used on input line 276.
(pdftex.def)             Requested size: 243.187pt x 170.71652pt.


Package caption Warning: The option `hypcap=true' will be ignored for this
(caption)                particular \caption on input line 277.
See the caption package documentation for explanation.

[4 <./mvl.png> <./svl.png>] <pvh.png, id=122, 1016.79875pt x 709.65125pt>
File: pvh.png Graphic file (type png)

<use pvh.png>
Package pdftex.def Info: pvh.png used on input line 293.
(pdftex.def)             Requested size: 244.59523pt x 170.71652pt.


Package caption Warning: The option `hypcap=true' will be ignored for this
(caption)                particular \caption on input line 294.
See the caption package documentation for explanation.

<pvhb.png, id=123, 993.7125pt x 669.50125pt>
File: pvhb.png Graphic file (type png)
 <use pvhb.png>
Package pdftex.def Info: pvhb.png used on input line 297.
(pdftex.def)             Requested size: 253.38574pt x 170.71652pt.


Package caption Warning: The option `hypcap=true' will be ignored for this
(caption)                particular \caption on input line 298.
See the caption package documentation for explanation.


Overfull \hbox (7.37325pt too wide) in paragraph at lines 297--298
 [] 
 []

<pvsbl.png, id=124, 1014.79124pt x 699.61375pt>
File: pvsbl.png Graphic file (type png)
 <use pvsbl.png>
Package pdftex.def Info: pvsbl.png used on input line 305.
(pdftex.def)             Requested size: 412.70699pt x 284.52756pt.


Package caption Warning: The option `hypcap=true' will be ignored for this
(caption)                particular \caption on input line 306.
See the caption package documentation for explanation.


Underfull \vbox (badness 4467) has occurred while \output is active []

 [5 <./pvh.png> <./pvhb.png> <./pvsbl.png>]
<pvsblc1.png, id=133, 1014.79124pt x 699.61375pt>
File: pvsblc1.png Graphic file (type png)
 <use pvsblc1.png>
Package pdftex.def Info: pvsblc1.png used on input line 342.
(pdftex.def)             Requested size: 247.6118pt x 170.71652pt.


Package caption Warning: The option `hypcap=true' will be ignored for this
(caption)                particular \caption on input line 343.
See the caption package documentation for explanation.


Overfull \hbox (1.5993pt too wide) in paragraph at lines 342--343
 [] 
 []

<pvsblc2.png, id=134, 984.67876pt x 701.62125pt>
File: pvsblc2.png Graphic file (type png)
 <use pvsblc2.png>
Package pdftex.def Info: pvsblc2.png used on input line 346.
(pdftex.def)             Requested size: 239.58815pt x 170.71652pt.


Package caption Warning: The option `hypcap=true' will be ignored for this
(caption)                particular \caption on input line 347.
See the caption package documentation for explanation.

[6 <./pvsblc1.png> <./pvsblc2.png>]
<movl.png, id=142, 1000.73875pt x 708.6475pt>
File: movl.png Graphic file (type png)
 <use movl.png>
Package pdftex.def Info: movl.png used on input line 371.
(pdftex.def)             Requested size: 241.08315pt x 170.71652pt.


Package caption Warning: The option `hypcap=true' will be ignored for this
(caption)                particular \caption on input line 372.
See the caption package documentation for explanation.

<smovl.png, id=143, 1007.765pt x 704.6325pt>
File: smovl.png Graphic file (type png)
 <use smovl.png>
Package pdftex.def Info: smovl.png used on input line 375.
(pdftex.def)             Requested size: 244.15974pt x 170.71652pt.


Package caption Warning: The option `hypcap=true' will be ignored for this
(caption)                particular \caption on input line 376.
See the caption package documentation for explanation.

<movl2.png, id=144, 1002.74625pt x 702.625pt>
File: movl2.png Graphic file (type png)
 <use movl2.png>
Package pdftex.def Info: movl2.png used on input line 419.
(pdftex.def)             Requested size: 243.63234pt x 170.71652pt.


Package caption Warning: The option `hypcap=true' will be ignored for this
(caption)                particular \caption on input line 420.
See the caption package documentation for explanation.

<pvd.png, id=145, 1021.8175pt x 710.655pt>
File: pvd.png Graphic file (type png)
 <use pvd.png>
Package pdftex.def Info: pvd.png used on input line 424.
(pdftex.def)             Requested size: 245.45949pt x 170.71652pt.


Package caption Warning: The option `hypcap=true' will be ignored for this
(caption)                particular \caption on input line 426.
See the caption package documentation for explanation.

[7 <./movl.png> <./smovl.png> <./movl2.png>]
<dmovl.png, id=154, 1018.80624pt x 714.67pt>
File: dmovl.png Graphic file (type png)
 <use dmovl.png>
Package pdftex.def Info: dmovl.png used on input line 444.
(pdftex.def)             Requested size: 243.3681pt x 170.71652pt.


Package caption Warning: The option `hypcap=true' will be ignored for this
(caption)                particular \caption on input line 445.
See the caption package documentation for explanation.

<dmovl2.png, id=155, 1004.75375pt x 713.66624pt>
File: dmovl2.png Graphic file (type png)
 <use dmovl2.png>
Package pdftex.def Info: dmovl2.png used on input line 448.
(pdftex.def)             Requested size: 240.3486pt x 170.71652pt.


Package caption Warning: The option `hypcap=true' will be ignored for this
(caption)                particular \caption on input line 449.
See the caption package documentation for explanation.

<datac.png, id=156, 949.5475pt x 655.44875pt>
File: datac.png Graphic file (type png)
 <use datac.png>
Package pdftex.def Info: datac.png used on input line 453.
(pdftex.def)             Requested size: 247.31119pt x 170.71652pt.


Package caption Warning: The option `hypcap=true' will be ignored for this
(caption)                particular \caption on input line 454.
See the caption package documentation for explanation.


Underfull \vbox (badness 10000) has occurred while \output is active []

 [8 <./pvd.png> <./dmovl.png> <./dmovl2.png>] [9 <./datac.png>]

Package hyperref Warning: Token not allowed in a PDF string (PDFDocEncoding):
(hyperref)                removing `math shift' on input line 477.


Package hyperref Warning: Token not allowed in a PDF string (PDFDocEncoding):
(hyperref)                removing `math shift' on input line 477.


Package hyperref Warning: Token not allowed in a PDF string (PDFDocEncoding):
(hyperref)                removing `math shift' on input line 477.


Package hyperref Warning: Token not allowed in a PDF string (PDFDocEncoding):
(hyperref)                removing `math shift' on input line 477.

[10

] <lb1.png, id=174, 1016.79875pt x 702.625pt>
File: lb1.png Graphic file (type png)
 <use lb1.png>
Package pdftex.def Info: lb1.png used on input line 543.
(pdftex.def)             Requested size: 226.4581pt x 156.49014pt.


Package caption Warning: The option `hypcap=true' will be ignored for this
(caption)                particular \caption on input line 544.
See the caption package documentation for explanation.

<lb2.png, id=175, 1017.8025pt x 705.63625pt>
File: lb2.png Graphic file (type png)
 <use lb2.png>
Package pdftex.def Info: lb2.png used on input line 547.
(pdftex.def)             Requested size: 225.71877pt x 156.49014pt.


Package caption Warning: The option `hypcap=true' will be ignored for this
(caption)                particular \caption on input line 548.
See the caption package documentation for explanation.

<lb3.png, id=176, 1015.795pt x 699.61375pt>
File: lb3.png Graphic file (type png)
 <use lb3.png>
Package pdftex.def Info: lb3.png used on input line 553.
(pdftex.def)             Requested size: 227.21103pt x 156.49014pt.


Package caption Warning: The option `hypcap=true' will be ignored for this
(caption)                particular \caption on input line 554.
See the caption package documentation for explanation.

<lb4.png, id=177, 1017.8025pt x 706.64pt>
File: lb4.png Graphic file (type png)
 <use lb4.png>
Package pdftex.def Info: lb4.png used on input line 557.
(pdftex.def)             Requested size: 225.39262pt x 156.49014pt.


Package caption Warning: The option `hypcap=true' will be ignored for this
(caption)                particular \caption on input line 558.
See the caption package documentation for explanation.

<lb5.png, id=178, 1018.80624pt x 699.61375pt>
File: lb5.png Graphic file (type png)
 <use lb5.png>
Package pdftex.def Info: lb5.png used on input line 563.
(pdftex.def)             Requested size: 227.88458pt x 156.49014pt.


Package caption Warning: The option `hypcap=true' will be ignored for this
(caption)                particular \caption on input line 564.
See the caption package documentation for explanation.

<lb6.png, id=179, 1015.795pt x 701.62125pt>
File: lb6.png Graphic file (type png)
 <use lb6.png>
Package pdftex.def Info: lb6.png used on input line 567.
(pdftex.def)             Requested size: 226.56004pt x 156.49014pt.


Package caption Warning: The option `hypcap=true' will be ignored for this
(caption)                particular \caption on input line 568.
See the caption package documentation for explanation.

[11 <./lb1.png> <./lb2.png> <./lb3.png> <./lb4.png> <./lb5.png> <./lb6.png>]
Package atveryend Info: Empty hook `BeforeClearDocument' on input line 593.

[12

]
Package atveryend Info: Empty hook `AfterLastShipout' on input line 593.
 (./Untitled.aux)
Package atveryend Info: Executing hook `AtVeryEndDocument' on input line 593.
Package atveryend Info: Executing hook `AtEndAfterFileList' on input line 593.
Package rerunfilecheck Info: File `Untitled.out' has not changed.
(rerunfilecheck)             Checksum: 7965246661C715038A8332F3E17C800A;1105.
Package atveryend Info: Empty hook `AtVeryVeryEnd' on input line 593.
 ) 
Here is how much of TeX's memory you used:
 11631 strings out of 493089
 176115 string characters out of 6134842
 405307 words of memory out of 5000000
 14502 multiletter control sequences out of 15000+600000
 93834 words of font info for 357 fonts, out of 8000000 for 9000
 1141 hyphenation exceptions out of 8191
 39i,14n,43p,923b,519s stack positions out of 5000i,500n,10000p,200000b,80000s
{/usr/local/texlive/2015/texmf-dist/fonts/enc/dvips/base/8r.enc}</usr/local/t
exlive/2015/texmf-dist/fonts/type1/public/amsfonts/cm/cmex10.pfb></usr/local/te
xlive/2015/texmf-dist/fonts/type1/public/amsfonts/cm/cmmi10.pfb></usr/local/tex
live/2015/texmf-dist/fonts/type1/public/amsfonts/cm/cmr10.pfb></usr/local/texli
ve/2015/texmf-dist/fonts/type1/public/amsfonts/cm/cmsy10.pfb></usr/local/texliv
e/2015/texmf-dist/fonts/type1/public/mathpazo/fplmbb.pfb></usr/local/texlive/20
15/texmf-dist/fonts/type1/public/mathpazo/fplmr.pfb></usr/local/texlive/2015/te
xmf-dist/fonts/type1/public/mathpazo/fplmri.pfb></usr/local/texlive/2015/texmf-
dist/fonts/type1/public/fpl/fplrc8a.pfb></usr/local/texlive/2015/texmf-dist/fon
ts/type1/urw/palatino/uplb8a.pfb></usr/local/texlive/2015/texmf-dist/fonts/type
1/urw/palatino/uplr8a.pfb></usr/local/texlive/2015/texmf-dist/fonts/type1/urw/p
alatino/uplri8a.pfb>
Output written on Untitled.pdf (12 pages, 1135106 bytes).
PDF statistics:
 247 PDF objects out of 1000 (max. 8388607)
 198 compressed objects within 2 object streams
 62 named destinations out of 1000 (max. 500000)
 67319 words of extra memory for PDF output out of 74296 (max. 10000000)

